220812 18:39:05 [Note] Plugin 'FEDERATED' is disabled.
220812 18:39:05 InnoDB: The InnoDB memory heap is disabled
220812 18:39:05 InnoDB: Mutexes and rw_locks use Windows interlocked functions
220812 18:39:05 InnoDB: Compressed tables use zlib 1.2.3
220812 18:39:05 InnoDB: Initializing buffer pool, size = 47.0M
220812 18:39:05 InnoDB: Completed initialization of buffer pool
InnoDB: The first specified data file .\ibdata1 did not exist:
InnoDB: a new database to be created!
220812 18:39:05  InnoDB: Setting file .\ibdata1 size to 10 MB
InnoDB: Database physically writes the file full: wait...
220812 18:39:05  InnoDB: Log file .\ib_logfile0 did not exist: new to be created
InnoDB: Setting log file .\ib_logfile0 size to 24 MB
InnoDB: Database physically writes the file full: wait...
220812 18:39:05  InnoDB: Log file .\ib_logfile1 did not exist: new to be created
InnoDB: Setting log file .\ib_logfile1 size to 24 MB
InnoDB: Database physically writes the file full: wait...
InnoDB: Doublewrite buffer not found: creating new
InnoDB: Doublewrite buffer created
InnoDB: 127 rollback segment(s) active.
InnoDB: Creating foreign key constraint system tables
InnoDB: Foreign key constraint system tables created
220812 18:39:06  InnoDB: Waiting for the background threads to start
220812 18:39:07 InnoDB: 5.5.46 started; log sequence number 0
220812 18:39:07 [Note] Server hostname (bind-address): '0.0.0.0'; port: 3306
220812 18:39:07 [Note]   - '0.0.0.0' resolves to '0.0.0.0';
220812 18:39:07 [Note] Server socket created on IP: '0.0.0.0'.
220812 18:39:07 [Note] Event Scheduler: Loaded 0 events
220812 18:39:07 [Note] C:\Program Files (x86)\MySQL\MySQL Server 5.5\bin\mysqld: ready for connections.
Version: '5.5.46'  socket: ''  port: 3306  MySQL Community Server (GPL)
220812 18:43:51 [Note] C:\Program Files (x86)\MySQL\MySQL Server 5.5\bin\mysqld: Normal shutdown

220812 18:43:51 [Note] Event Scheduler: Purging the queue. 0 events
220812 18:43:51  InnoDB: Starting shutdown...
220812 18:43:52  InnoDB: Shutdown completed; log sequence number 1595675
220812 18:43:52 [Note] C:\Program Files (x86)\MySQL\MySQL Server 5.5\bin\mysqld: Shutdown complete

220904  7:30:29 [Note] Plugin 'FEDERATED' is disabled.
220904  7:30:29 InnoDB: The InnoDB memory heap is disabled
220904  7:30:29 InnoDB: Mutexes and rw_locks use Windows interlocked functions
220904  7:30:29 InnoDB: Compressed tables use zlib 1.2.3
220904  7:30:29 InnoDB: Initializing buffer pool, size = 47.0M
220904  7:30:29 InnoDB: Completed initialization of buffer pool
220904  7:30:29  InnoDB: Log file .\ib_logfile0 did not exist: new to be created
InnoDB: Setting log file .\ib_logfile0 size to 24 MB
InnoDB: Database physically writes the file full: wait...
220904  7:30:29  InnoDB: Log file .\ib_logfile1 did not exist: new to be created
InnoDB: Setting log file .\ib_logfile1 size to 24 MB
InnoDB: Database physically writes the file full: wait...
220904  7:30:29 InnoDB: highest supported file format is Barracuda.
InnoDB: The log sequence number in ibdata files does not match
InnoDB: the log sequence number in the ib_logfiles!
220904  7:30:29  InnoDB: Database was not shut down normally!
InnoDB: Starting crash recovery.
InnoDB: Reading tablespace information from the .ibd files...
InnoDB: Restoring possible half-written data pages from the doublewrite
InnoDB: buffer...
220904  7:30:29  InnoDB: Waiting for the background threads to start
220904  7:30:30 InnoDB: 5.5.46 started; log sequence number 1595916
220904  7:30:30 [Note] Server hostname (bind-address): '0.0.0.0'; port: 3306
220904  7:30:30 [Note]   - '0.0.0.0' resolves to '0.0.0.0';
220904  7:30:30 [Note] Server socket created on IP: '0.0.0.0'.
220904  7:30:31 [Note] Event Scheduler: Loaded 0 events
220904  7:30:31 [Note] C:\Program Files (x86)\MySQL\MySQL Server 5.5\bin\mysqld: ready for connections.
Version: '5.5.46'  socket: ''  port: 3306  MySQL Community Server (GPL)
220904  7:31:01 [Note] C:\Program Files (x86)\MySQL\MySQL Server 5.5\bin\mysqld: Normal shutdown

220904  7:31:01 [Note] Event Scheduler: Purging the queue. 0 events
220904  7:31:01  InnoDB: Starting shutdown...
220904  7:31:01  InnoDB: Shutdown completed; log sequence number 1595916
220904  7:31:01 [Note] C:\Program Files (x86)\MySQL\MySQL Server 5.5\bin\mysqld: Shutdown complete

220904  7:31:08 [Note] Plugin 'FEDERATED' is disabled.
220904  7:31:08 InnoDB: The InnoDB memory heap is disabled
220904  7:31:08 InnoDB: Mutexes and rw_locks use Windows interlocked functions
220904  7:31:08 InnoDB: Compressed tables use zlib 1.2.3
220904  7:31:08 InnoDB: Initializing buffer pool, size = 47.0M
220904  7:31:08 InnoDB: Completed initialization of buffer pool
220904  7:31:08  InnoDB: Log file .\ib_logfile0 did not exist: new to be created
InnoDB: Setting log file .\ib_logfile0 size to 24 MB
InnoDB: Database physically writes the file full: wait...
220904  7:31:08  InnoDB: Log file .\ib_logfile1 did not exist: new to be created
InnoDB: Setting log file .\ib_logfile1 size to 24 MB
InnoDB: Database physically writes the file full: wait...
220904  7:31:08 InnoDB: highest supported file format is Barracuda.
InnoDB: The log sequence number in ibdata files does not match
InnoDB: the log sequence number in the ib_logfiles!
220904  7:31:08  InnoDB: Database was not shut down normally!
InnoDB: Starting crash recovery.
InnoDB: Reading tablespace information from the .ibd files...
InnoDB: Restoring possible half-written data pages from the doublewrite
InnoDB: buffer...
220904  7:31:08  InnoDB: Waiting for the background threads to start
220904  7:31:09 InnoDB: 5.5.46 started; log sequence number 1596428
220904  7:31:09 [Note] Server hostname (bind-address): '0.0.0.0'; port: 3306
220904  7:31:09 [Note]   - '0.0.0.0' resolves to '0.0.0.0';
220904  7:31:09 [Note] Server socket created on IP: '0.0.0.0'.
220904  7:31:09 [Note] Event Scheduler: Loaded 0 events
220904  7:31:09 [Note] C:\Program Files (x86)\MySQL\MySQL Server 5.5\bin\mysqld: ready for connections.
Version: '5.5.46'  socket: ''  port: 3306  MySQL Community Server (GPL)
220904  7:37:23 [Note] C:\Program Files (x86)\MySQL\MySQL Server 5.5\bin\mysqld: Normal shutdown

220904  7:37:23 [Note] Event Scheduler: Purging the queue. 0 events
220904  7:37:23  InnoDB: Starting shutdown...
220904  7:37:24  InnoDB: Shutdown completed; log sequence number 1596428
220904  7:37:24 [Note] C:\Program Files (x86)\MySQL\MySQL Server 5.5\bin\mysqld: Shutdown complete

220904  7:37:30 [Note] Plugin 'FEDERATED' is disabled.
220904  7:37:30 InnoDB: The InnoDB memory heap is disabled
220904  7:37:30 InnoDB: Mutexes and rw_locks use Windows interlocked functions
220904  7:37:30 InnoDB: Compressed tables use zlib 1.2.3
220904  7:37:30 InnoDB: Initializing buffer pool, size = 47.0M
220904  7:37:30 InnoDB: Completed initialization of buffer pool
220904  7:37:30  InnoDB: Log file .\ib_logfile0 did not exist: new to be created
InnoDB: Setting log file .\ib_logfile0 size to 24 MB
InnoDB: Database physically writes the file full: wait...
220904  7:37:30  InnoDB: Log file .\ib_logfile1 did not exist: new to be created
InnoDB: Setting log file .\ib_logfile1 size to 24 MB
InnoDB: Database physically writes the file full: wait...
220904  7:37:30 InnoDB: highest supported file format is Barracuda.
InnoDB: The log sequence number in ibdata files does not match
InnoDB: the log sequence number in the ib_logfiles!
220904  7:37:30  InnoDB: Database was not shut down normally!
InnoDB: Starting crash recovery.
InnoDB: Reading tablespace information from the .ibd files...
InnoDB: Restoring possible half-written data pages from the doublewrite
InnoDB: buffer...
220904  7:37:30  InnoDB: Waiting for the background threads to start
220904  7:37:31 InnoDB: 5.5.46 started; log sequence number 1596940
220904  7:37:31 [Note] Server hostname (bind-address): '0.0.0.0'; port: 3306
220904  7:37:31 [Note]   - '0.0.0.0' resolves to '0.0.0.0';
220904  7:37:31 [Note] Server socket created on IP: '0.0.0.0'.
220904  7:37:31 [Note] Event Scheduler: Loaded 0 events
220904  7:37:31 [Note] C:\Program Files (x86)\MySQL\MySQL Server 5.5\bin\mysqld: ready for connections.
Version: '5.5.46'  socket: ''  port: 3306  MySQL Community Server (GPL)
220904  7:44:09 [Note] C:\Program Files (x86)\MySQL\MySQL Server 5.5\bin\mysqld: Normal shutdown

220904  7:44:09 [Note] Event Scheduler: Purging the queue. 0 events
220904  7:44:11 [Warning] C:\Program Files (x86)\MySQL\MySQL Server 5.5\bin\mysqld: Forcing close of thread 9  user: 'root'

220904  7:44:11 [Warning] C:\Program Files (x86)\MySQL\MySQL Server 5.5\bin\mysqld: Forcing close of thread 8  user: 'root'

220904  7:44:11  InnoDB: Starting shutdown...
220904  7:44:12  InnoDB: Shutdown completed; log sequence number 1668801
220904  7:44:12 [Note] C:\Program Files (x86)\MySQL\MySQL Server 5.5\bin\mysqld: Shutdown complete

220904  7:44:17 [Note] Plugin 'FEDERATED' is disabled.
220904  7:44:17 InnoDB: The InnoDB memory heap is disabled
220904  7:44:17 InnoDB: Mutexes and rw_locks use Windows interlocked functions
220904  7:44:17 InnoDB: Compressed tables use zlib 1.2.3
220904  7:44:17 InnoDB: Initializing buffer pool, size = 47.0M
220904  7:44:17 InnoDB: Completed initialization of buffer pool
220904  7:44:17  InnoDB: Log file .\ib_logfile0 did not exist: new to be created
InnoDB: Setting log file .\ib_logfile0 size to 24 MB
InnoDB: Database physically writes the file full: wait...
220904  7:44:17  InnoDB: Log file .\ib_logfile1 did not exist: new to be created
InnoDB: Setting log file .\ib_logfile1 size to 24 MB
InnoDB: Database physically writes the file full: wait...
220904  7:44:17 InnoDB: highest supported file format is Barracuda.
InnoDB: The log sequence number in ibdata files does not match
InnoDB: the log sequence number in the ib_logfiles!
220904  7:44:17  InnoDB: Database was not shut down normally!
InnoDB: Starting crash recovery.
InnoDB: Reading tablespace information from the .ibd files...
InnoDB: Restoring possible half-written data pages from the doublewrite
InnoDB: buffer...
220904  7:44:17  InnoDB: Waiting for the background threads to start
220904  7:44:18 InnoDB: 5.5.46 started; log sequence number 1669132
220904  7:44:18 [Note] Server hostname (bind-address): '0.0.0.0'; port: 3306
220904  7:44:18 [Note]   - '0.0.0.0' resolves to '0.0.0.0';
220904  7:44:18 [Note] Server socket created on IP: '0.0.0.0'.
220904  7:44:18 [Note] Event Scheduler: Loaded 0 events
220904  7:44:18 [Note] C:\Program Files (x86)\MySQL\MySQL Server 5.5\bin\mysqld: ready for connections.
Version: '5.5.46'  socket: ''  port: 3306  MySQL Community Server (GPL)
220904  8:34:09 [Note] C:\Program Files (x86)\MySQL\MySQL Server 5.5\bin\mysqld: Normal shutdown

220904  8:34:09 [Note] Event Scheduler: Purging the queue. 0 events
220904  8:34:09  InnoDB: Starting shutdown...
220904  8:34:10  InnoDB: Shutdown completed; log sequence number 1669142
220904  8:34:10 [Note] C:\Program Files (x86)\MySQL\MySQL Server 5.5\bin\mysqld: Shutdown complete

